<?xml version="1.0" encoding="UTF-8"?>
<!-- Generated by org.testng.reporters.JUnitXMLReporter -->
<testsuite ignored="0" hostname="LAPTOP-FVC0VK09" failures="0" tests="2" name="Default test" time="0.57" errors="0" timestamp="24 Jun 2021 15:18:28 GMT">
  <testcase classname="ExcelDataDrive_ApachePOI.DataDrive.dataprovider_integration_with_Excel" name="data_retrieve" time="0.006"/>
  <testcase classname="ExcelDataDrive_ApachePOI.DataDrive.dataprovider_integration_with_Excel" name="data_retrieve" time="0.001"/>
</testsuite> <!-- Default test -->
