<?xml version="1.0" encoding="UTF-8"?>
<testng-results ignored="0" total="1" passed="1" failed="0" skipped="0">
  <reporter-output>
  </reporter-output>
  <suite started-at="2021-04-16T12:34:18 IST" name="Default suite" finished-at="2021-04-16T12:34:18 IST" duration-ms="43">
    <groups>
    </groups>
    <test started-at="2021-04-16T12:34:18 IST" name="Default test" finished-at="2021-04-16T12:34:18 IST" duration-ms="43">
      <class name="java_Streams_Practice">
        <test-method signature="streamCollect()[pri:0, instance:java_Streams_Practice@60704c]" started-at="2021-04-16T12:34:18 IST" name="streamCollect" finished-at="2021-04-16T12:34:18 IST" duration-ms="12" status="PASS">
          <reporter-output>
          </reporter-output>
        </test-method> <!-- streamCollect -->
      </class> <!-- java_Streams_Practice -->
    </test> <!-- Default test -->
  </suite> <!-- Default suite -->
</testng-results>
