<?xml version="1.0" encoding="UTF-8"?>
<!-- Generated by org.testng.reporters.JUnitXMLReporter -->
<testsuite hostname="LAPTOP-FVC0VK09" ignored="0" name="Surefire test" tests="4" failures="0" timestamp="2021-05-16T14:22:14 IST" time="40.783" errors="0">
  <testcase name="home_page_nav" time="5.248" classname="Framework.E2E_Project.HomePageTest"/>
  <testcase name="home_page_nav" time="4.178" classname="Framework.E2E_Project.HomePageTest"/>
  <testcase name="header_validation" time="0.087" classname="Framework.E2E_Project.ValidateTitleTest"/>
  <testcase name="home_page_nav" time="0.352" classname="Framework.E2E_Project.ValidateTitleTest"/>
</testsuite> <!-- Surefire test -->
