<?xml version="1.0" encoding="UTF-8"?>
<testsuite xmlns:xsi="http://www.w3.org/2001/XMLSchema-instance" xsi:noNamespaceSchemaLocation="https://maven.apache.org/surefire/maven-surefire-plugin/xsd/surefire-test-report.xsd" name="TestSuite" time="41.634" tests="4" errors="0" skipped="0" failures="0">
  <properties>
[...]
</properties>
  <testcase name="home_page_nav" classname="Framework.E2E_Project.HomePageTest" time="5.248"/>
  <testcase name="home_page_nav" classname="Framework.E2E_Project.HomePageTest" time="4.178"/>
  <testcase name="header_validation" classname="Framework.E2E_Project.ValidateTitleTest" time="0.086"/>
  <testcase name="home_page_nav" classname="Framework.E2E_Project.ValidateTitleTest" time="0.352"/>
</testsuite>