<?xml version="1.0" encoding="UTF-8"?>
<testng-results ignored="0" total="2" passed="2" failed="0" skipped="0">
  <reporter-output>
  </reporter-output>
  <suite started-at="2021-06-24T15:18:28Z" name="Default suite" finished-at="2021-06-24T15:18:28Z" duration-ms="570">
    <groups>
    </groups>
    <test started-at="2021-06-24T15:18:28Z" name="Default test" finished-at="2021-06-24T15:18:28Z" duration-ms="570">
      <class name="ExcelDataDrive_ApachePOI.DataDrive.dataprovider_integration_with_Excel">
        <test-method signature="data_retrieve(java.lang.String, java.lang.String, java.lang.String, java.lang.String)[pri:0, instance:ExcelDataDrive_ApachePOI.DataDrive.dataprovider_integration_with_Excel@7530ad9c]" started-at="2021-06-24T15:18:28Z" name="data_retrieve" data-provider="xl_data_retrieve" finished-at="2021-06-24T15:18:28Z" duration-ms="6" status="PASS">
          <params>
            <param index="0">
              <value>
                <![CDATA[test2]]>
              </value>
            </param>
            <param index="1">
              <value>
                <![CDATA[akhil]]>
              </value>
            </param>
            <param index="2">
              <value>
                <![CDATA[gupta]]>
              </value>
            </param>
            <param index="3">
              <value>
                <![CDATA[21]]>
              </value>
            </param>
          </params>
          <reporter-output>
          </reporter-output>
        </test-method> <!-- data_retrieve -->
        <test-method signature="data_retrieve(java.lang.String, java.lang.String, java.lang.String, java.lang.String)[pri:0, instance:ExcelDataDrive_ApachePOI.DataDrive.dataprovider_integration_with_Excel@7530ad9c]" started-at="2021-06-24T15:18:28Z" name="data_retrieve" data-provider="xl_data_retrieve" finished-at="2021-06-24T15:18:28Z" duration-ms="1" status="PASS">
          <params>
            <param index="0">
              <value>
                <![CDATA[test4]]>
              </value>
            </param>
            <param index="1">
              <value>
                <![CDATA[kora]]>
              </value>
            </param>
            <param index="2">
              <value>
                <![CDATA[gompa]]>
              </value>
            </param>
            <param index="3">
              <value>
                <![CDATA[24]]>
              </value>
            </param>
          </params>
          <reporter-output>
          </reporter-output>
        </test-method> <!-- data_retrieve -->
      </class> <!-- ExcelDataDrive_ApachePOI.DataDrive.dataprovider_integration_with_Excel -->
    </test> <!-- Default test -->
  </suite> <!-- Default suite -->
</testng-results>
