<?xml version="1.0" encoding="UTF-8"?>
<!-- Generated by org.testng.reporters.JUnitXMLReporter -->
<testsuite hostname="LAPTOP-FVC0VK09" ignored="0" name="Test" tests="2" failures="0" timestamp="2021-05-27T16:36:59 IST" time="57.899" errors="0">
  <testcase name="@BeforeTest browser_setup" time="2.074" classname="Framework.E2E_Project.ValidateTitleTest">
    <failure type="java.lang.NullPointerException" message="null value in entry: url=null">
      <![CDATA[java.lang.NullPointerException: null value in entry: url=null
at com.google.common.collect.CollectPreconditions.checkEntryNotNull(CollectPreconditions.java:32)
at com.google.common.collect.SingletonImmutableBiMap.<init>(SingletonImmutableBiMap.java:42)
at com.google.common.collect.ImmutableBiMap.of(ImmutableBiMap.java:72)
at com.google.common.collect.ImmutableMap.of(ImmutableMap.java:124)
at org.openqa.selenium.remote.RemoteWebDriver.get(RemoteWebDriver.java:277)
at Framework.E2E_Project.ValidateTitleTest.browser_setup(ValidateTitleTest.java:29)
at java.util.concurrent.FutureTask.run(FutureTask.java:266)
at java.util.concurrent.ThreadPoolExecutor.runWorker(ThreadPoolExecutor.java:1149)
at java.util.concurrent.ThreadPoolExecutor$Worker.run(ThreadPoolExecutor.java:624)
at java.lang.Thread.run(Thread.java:748)
... Removed 15 stack frames]]>
    </failure>
  </testcase> <!-- @BeforeTest browser_setup -->
  <testcase name="@AfterTest teardown" time="-1.622113563698E9" classname="Framework.E2E_Project.ValidateTitleTest">
    <skipped/>
  </testcase> <!-- @AfterTest teardown -->
  <testcase name="home_page_nav" time="13.257" classname="Framework.E2E_Project.HomePageTest"/>
  <testcase name="home_page_nav" time="42.403" classname="Framework.E2E_Project.HomePageTest"/>
</testsuite> <!-- Test -->
