<?xml version="1.0" encoding="UTF-8"?>
<testng-results skipped="0" failed="0" ignored="0" total="3" passed="3">
  <reporter-output>
  </reporter-output>
  <suite name="Suite" duration-ms="42234" started-at="2021-05-31T14:46:59Z" finished-at="2021-05-31T14:47:42Z">
    <groups>
      <group name="cucumber">
        <method signature="AbstractTestNGCucumberTests.runScenario(io.cucumber.testng.PickleWrapper, io.cucumber.testng.FeatureWrapper)[pri:0, instance:Cucumber_Options.Cucumber_options_Testrunner@a4102b8]" name="runScenario" class="io.cucumber.testng.AbstractTestNGCucumberTests"/>
      </group> <!-- cucumber -->
    </groups>
    <test name="Test" duration-ms="42234" started-at="2021-05-31T14:46:59Z" finished-at="2021-05-31T14:47:42Z">
      <class name="Cucumber_Options.Cucumber_options_Testrunner">
        <test-method status="PASS" signature="setUpClass()[pri:0, instance:Cucumber_Options.Cucumber_options_Testrunner@a4102b8]" name="setUpClass" is-config="true" duration-ms="319" started-at="2021-05-31T14:46:59Z" finished-at="2021-05-31T14:47:00Z">
          <reporter-output>
          </reporter-output>
        </test-method> <!-- setUpClass -->
        <test-method status="PASS" signature="runScenario(io.cucumber.testng.PickleWrapper, io.cucumber.testng.FeatureWrapper)[pri:0, instance:Cucumber_Options.Cucumber_options_Testrunner@a4102b8]" name="runScenario" duration-ms="14371" started-at="2021-05-31T14:47:00Z" description="Runs Cucumber Scenarios" data-provider="scenarios" finished-at="2021-05-31T14:47:14Z">
          <params>
            <param index="0">
              <value>
                <![CDATA["Positive test validating login"]]>
              </value>
            </param>
            <param index="1">
              <value>
                <![CDATA["Optional[Application_login]"]]>
              </value>
            </param>
          </params>
          <reporter-output>
          </reporter-output>
        </test-method> <!-- runScenario -->
        <test-method status="PASS" signature="runScenario(io.cucumber.testng.PickleWrapper, io.cucumber.testng.FeatureWrapper)[pri:0, instance:Cucumber_Options.Cucumber_options_Testrunner@a4102b8]" name="runScenario" duration-ms="14061" started-at="2021-05-31T14:47:14Z" description="Runs Cucumber Scenarios" data-provider="scenarios" finished-at="2021-05-31T14:47:28Z">
          <params>
            <param index="0">
              <value>
                <![CDATA["Positive test validating login"]]>
              </value>
            </param>
            <param index="1">
              <value>
                <![CDATA["Optional[Multiple_Application_login]"]]>
              </value>
            </param>
          </params>
          <reporter-output>
          </reporter-output>
        </test-method> <!-- runScenario -->
        <test-method status="PASS" signature="runScenario(io.cucumber.testng.PickleWrapper, io.cucumber.testng.FeatureWrapper)[pri:0, instance:Cucumber_Options.Cucumber_options_Testrunner@a4102b8]" name="runScenario" duration-ms="13443" started-at="2021-05-31T14:47:28Z" description="Runs Cucumber Scenarios" data-provider="scenarios" finished-at="2021-05-31T14:47:42Z">
          <params>
            <param index="0">
              <value>
                <![CDATA["Positive test validating login"]]>
              </value>
            </param>
            <param index="1">
              <value>
                <![CDATA["Optional[Multiple_Application_login]"]]>
              </value>
            </param>
          </params>
          <reporter-output>
          </reporter-output>
        </test-method> <!-- runScenario -->
        <test-method status="PASS" signature="tearDownClass()[pri:0, instance:Cucumber_Options.Cucumber_options_Testrunner@a4102b8]" name="tearDownClass" is-config="true" duration-ms="9" started-at="2021-05-31T14:47:42Z" finished-at="2021-05-31T14:47:42Z">
          <reporter-output>
          </reporter-output>
        </test-method> <!-- tearDownClass -->
      </class> <!-- Cucumber_Options.Cucumber_options_Testrunner -->
    </test> <!-- Test -->
  </suite> <!-- Suite -->
</testng-results>
