<?xml version="1.0" encoding="UTF-8"?>
<!-- Generated by org.testng.reporters.JUnitXMLReporter -->
<testsuite ignored="0" hostname="LAPTOP-FVC0VK09" failures="0" tests="4" name="Test" time="58.331" errors="0" timestamp="21 Jun 2021 07:42:57 GMT">
  <testcase classname="Selenium_remote_docker_testing.docker_validation.chromenode1Test" name="chromeTest1" time="4.403"/>
  <testcase classname="Selenium_remote_docker_testing.docker_validation.chromenode3Test" name="chromeTest3" time="7.518"/>
  <testcase classname="Selenium_remote_docker_testing.docker_validation.firefoxnode1Test" name="firefoxTest" time="8.717"/>
  <testcase classname="Selenium_remote_docker_testing.docker_validation.chromenode2Test" name="chromeTest2" time="31.539"/>
</testsuite> <!-- Test -->
