<?xml version="1.0" encoding="UTF-8"?>
<testng-results skipped="0" failed="0" total="4" passed="4">
  <reporter-output>
  </reporter-output>
  <suite name="Default suite" duration-ms="2700" started-at="2021-06-01T13:27:41Z" finished-at="2021-06-01T13:27:43Z">
    <groups>
    </groups>
    <test name="Default test" duration-ms="2700" started-at="2021-06-01T13:27:41Z" finished-at="2021-06-01T13:27:43Z">
      <class name="Book_API">
        <test-method status="PASS" signature="add_book(java.lang.String, java.lang.String)[pri:0, instance:Book_API@67b6d4ae]" name="add_book" duration-ms="2242" started-at="2021-06-01T18:57:41Z" data-provider="get_book_details" finished-at="2021-06-01T18:57:43Z">
          <params>
            <param index="0">
              <value>
                <![CDATA[zaqwewq]]>
              </value>
            </param>
            <param index="1">
              <value>
                <![CDATA[6543782]]>
              </value>
            </param>
          </params>
          <reporter-output>
          </reporter-output>
        </test-method> <!-- add_book -->
        <test-method status="PASS" signature="add_book(java.lang.String, java.lang.String)[pri:0, instance:Book_API@67b6d4ae]" name="add_book" duration-ms="156" started-at="2021-06-01T18:57:43Z" data-provider="get_book_details" finished-at="2021-06-01T18:57:43Z">
          <params>
            <param index="0">
              <value>
                <![CDATA[qwewqwe]]>
              </value>
            </param>
            <param index="1">
              <value>
                <![CDATA[9675438]]>
              </value>
            </param>
          </params>
          <reporter-output>
          </reporter-output>
        </test-method> <!-- add_book -->
        <test-method status="PASS" signature="delete_book(java.lang.String, java.lang.String)[pri:0, instance:Book_API@67b6d4ae]" name="delete_book" duration-ms="140" started-at="2021-06-01T18:57:43Z" data-provider="get_book_details" finished-at="2021-06-01T18:57:43Z">
          <params>
            <param index="0">
              <value>
                <![CDATA[zaqwewq]]>
              </value>
            </param>
            <param index="1">
              <value>
                <![CDATA[6543782]]>
              </value>
            </param>
          </params>
          <reporter-output>
          </reporter-output>
        </test-method> <!-- delete_book -->
        <test-method status="PASS" signature="delete_book(java.lang.String, java.lang.String)[pri:0, instance:Book_API@67b6d4ae]" name="delete_book" duration-ms="144" started-at="2021-06-01T18:57:43Z" data-provider="get_book_details" finished-at="2021-06-01T18:57:43Z">
          <params>
            <param index="0">
              <value>
                <![CDATA[qwewqwe]]>
              </value>
            </param>
            <param index="1">
              <value>
                <![CDATA[9675438]]>
              </value>
            </param>
          </params>
          <reporter-output>
          </reporter-output>
        </test-method> <!-- delete_book -->
      </class> <!-- Book_API -->
    </test> <!-- Default test -->
  </suite> <!-- Default suite -->
</testng-results>
