<?xml version="1.0" encoding="UTF-8"?>
<testng-results ignored="0" total="1" passed="1" failed="0" skipped="0">
  <reporter-output>
  </reporter-output>
  <suite started-at="2021-06-21T08:11:25Z" name="Default suite" finished-at="2021-06-21T08:11:52Z" duration-ms="27329">
    <groups>
    </groups>
    <test started-at="2021-06-21T08:11:25Z" name="Default test" finished-at="2021-06-21T08:11:52Z" duration-ms="27329">
      <class name="Selenium_remote_docker_testing.docker_validation.chromenode1Test">
        <test-method is-config="true" signature="StartdockerFile()[pri:0, instance:Selenium_remote_docker_testing.docker_validation.chromenode1Test@117e949d]" started-at="2021-06-21T08:11:25Z" name="StartdockerFile" finished-at="2021-06-21T08:11:40Z" duration-ms="15347" status="PASS">
          <reporter-output>
          </reporter-output>
        </test-method> <!-- StartdockerFile -->
        <test-method signature="chromeTest1()[pri:0, instance:Selenium_remote_docker_testing.docker_validation.chromenode1Test@117e949d]" started-at="2021-06-21T08:11:40Z" name="chromeTest1" finished-at="2021-06-21T08:11:43Z" duration-ms="3478" status="PASS">
          <reporter-output>
          </reporter-output>
        </test-method> <!-- chromeTest1 -->
        <test-method is-config="true" signature="Stopdockerfile()[pri:0, instance:Selenium_remote_docker_testing.docker_validation.chromenode1Test@117e949d]" started-at="2021-06-21T08:11:43Z" name="Stopdockerfile" finished-at="2021-06-21T08:11:52Z" duration-ms="8472" status="PASS">
          <reporter-output>
          </reporter-output>
        </test-method> <!-- Stopdockerfile -->
      </class> <!-- Selenium_remote_docker_testing.docker_validation.chromenode1Test -->
    </test> <!-- Default test -->
  </suite> <!-- Default suite -->
</testng-results>
