<?xml version="1.0" encoding="UTF-8"?>
<testng-results skipped="0" failed="0" ignored="0" total="0" passed="0">
  <reporter-output>
  </reporter-output>
  <suite name="Suite" duration-ms="16" started-at="2021-05-19T01:37:45Z" finished-at="2021-05-19T01:37:45Z">
    <groups>
    </groups>
    <test name="Test" duration-ms="16" started-at="2021-05-19T01:37:45Z" finished-at="2021-05-19T01:37:45Z">
      <class name="Maven_Practice.Maven_Java.mobile_prepay_Test">
        <test-method status="PASS" signature="MobileTopupTest()[pri:0, instance:Maven_Practice.Maven_Java.mobile_prepay_Test@6c9f5c0d]" name="MobileTopupTest" is-config="true" duration-ms="11" started-at="2021-05-19T01:37:45Z" finished-at="2021-05-19T01:37:45Z">
          <reporter-output>
          </reporter-output>
        </test-method> <!-- MobileTopupTest -->
        <test-method status="PASS" signature="MobileAddonTest()[pri:0, instance:Maven_Practice.Maven_Java.mobile_prepay_Test@6c9f5c0d]" name="MobileAddonTest" is-config="true" duration-ms="0" started-at="2021-05-19T01:37:45Z" finished-at="2021-05-19T01:37:45Z">
          <reporter-output>
          </reporter-output>
        </test-method> <!-- MobileAddonTest -->
      </class> <!-- Maven_Practice.Maven_Java.mobile_prepay_Test -->
    </test> <!-- Test -->
  </suite> <!-- Suite -->
</testng-results>
