<?xml version="1.0" encoding="UTF-8"?>
<!-- Generated by org.testng.reporters.JUnitXMLReporter -->
<testsuite ignored="16" hostname="LAPTOP-FVC0VK09" failures="0" tests="4" name="groups" time="0.048" errors="0" timestamp="2021-04-22T08:32:35 IST">
  <testcase classname="testNG_Tutorial.testNG_regex" name="suspend_Sim" time="0.007"/>
  <testcase classname="testNG_Tutorial.testNG_2" name="name_change" time="0.001"/>
  <testcase classname="testNG_Tutorial.testNG_3" name="top_up" time="0.001"/>
  <testcase classname="testNG_Tutorial.testNG_4" name="reucurring_bundle" time="0.002"/>
  <testcase classname="testNG_Tutorial.testNG_2" name="after_suite" time="0.0">
    <ignored/>
  </testcase> <!-- after_suite -->
  <testcase classname="testNG_Tutorial.testNG_3" name="bundle" time="0.0">
    <ignored/>
  </testcase> <!-- bundle -->
  <testcase classname="testNG_Tutorial.testNG_Basic" name="test2" time="0.0">
    <ignored/>
  </testcase> <!-- test2 -->
  <testcase classname="testNG_Tutorial.testNG_regex" name="unuspend_sim_success" time="0.0">
    <ignored/>
  </testcase> <!-- unuspend_sim_success -->
  <testcase classname="testNG_Tutorial.testNG_regex" name="Reactivate_Sim" time="0.0">
    <ignored/>
  </testcase> <!-- Reactivate_Sim -->
  <testcase classname="testNG_Tutorial.testNG_2" name="personal_details_number_change" time="0.0">
    <ignored/>
  </testcase> <!-- personal_details_number_change -->
  <testcase classname="testNG_Tutorial.testNG_3" name="auto_topup" time="0.0">
    <ignored/>
  </testcase> <!-- auto_topup -->
  <testcase classname="testNG_Tutorial.testNG_4" name="reucurring_addon" time="0.0">
    <ignored/>
  </testcase> <!-- reucurring_addon -->
  <testcase classname="testNG_Tutorial.testNG_4" name="reucurring_topup" time="0.0">
    <ignored/>
  </testcase> <!-- reucurring_topup -->
  <testcase classname="testNG_Tutorial.testNG_regex" name="Order_Replacment_Sim" time="0.0">
    <ignored/>
  </testcase> <!-- Order_Replacment_Sim -->
  <testcase classname="testNG_Tutorial.testNG_Basic" name="test1" time="0.0">
    <ignored/>
  </testcase> <!-- test1 -->
  <testcase classname="testNG_Tutorial.testNG_2" name="address_change" time="0.0">
    <ignored/>
  </testcase> <!-- address_change -->
  <testcase classname="testNG_Tutorial.testNG_2" name="personal_details_email_change" time="0.0">
    <ignored/>
  </testcase> <!-- personal_details_email_change -->
  <testcase classname="testNG_Tutorial.testNG_2" name="personal_details_DOB_change" time="0.0">
    <ignored/>
  </testcase> <!-- personal_details_DOB_change -->
  <testcase classname="testNG_Tutorial.testNG_3" name="Balancecheck" time="0.0">
    <ignored/>
  </testcase> <!-- Balancecheck -->
  <testcase classname="testNG_Tutorial.testNG_regex" name="unuspend_sim" time="0.0">
    <ignored/>
  </testcase> <!-- unuspend_sim -->
</testsuite> <!-- groups -->
