<?xml version="1.0" encoding="UTF-8"?>
<!-- Generated by org.testng.reporters.JUnitXMLReporter -->
<testsuite ignored="0" hostname="LAPTOP-FVC0VK09" failures="0" tests="3" name="prepay" time="0.049" errors="0" timestamp="2021-04-20T12:02:26 IST">
  <testcase classname="testNG_Tutorial.testNG_Basic" name="test1" time="0.01"/>
  <testcase classname="testNG_Tutorial.testNG_Basic" name="test2" time="0.001"/>
  <testcase classname="testNG_Tutorial.testNG_2" name="test1" time="0.0"/>
</testsuite> <!-- prepay -->
