<?xml version="1.0" encoding="UTF-8"?>
<!-- Generated by org.testng.reporters.JUnitXMLReporter -->
<testsuite ignored="3" hostname="LAPTOP-FVC0VK09" failures="0" tests="3" name="prepay_manage_perosnal_details" time="0.046" errors="0" timestamp="2021-04-22T08:28:16 IST">
  <testcase classname="testNG_Tutorial.testNG_2" name="address_change" time="0.009"/>
  <testcase classname="testNG_Tutorial.testNG_2" name="after_suite" time="0.001"/>
  <testcase classname="testNG_Tutorial.testNG_2" name="name_change" time="0.001"/>
  <testcase classname="testNG_Tutorial.testNG_2" name="personal_details_number_change" time="0.0">
    <ignored/>
  </testcase> <!-- personal_details_number_change -->
  <testcase classname="testNG_Tutorial.testNG_2" name="personal_details_email_change" time="0.0">
    <ignored/>
  </testcase> <!-- personal_details_email_change -->
  <testcase classname="testNG_Tutorial.testNG_2" name="personal_details_DOB_change" time="0.0">
    <ignored/>
  </testcase> <!-- personal_details_DOB_change -->
</testsuite> <!-- prepay_manage_perosnal_details -->
