<?xml version="1.0" encoding="UTF-8"?>
<!-- Generated by org.testng.reporters.JUnitXMLReporter -->
<testsuite hostname="LAPTOP-FVC0VK09" ignored="2" name="prepay_topup" tests="2" failures="0" timestamp="2021-05-05T22:26:31 IST" time="0.047" errors="0">
  <testcase name="Balancecheck" time="0.007" classname="testNG_Tutorial.testNG_3"/>
  <testcase name="auto_topup" time="0.004" classname="testNG_Tutorial.testNG_3"/>
  <testcase name="bundle" time="0.0" classname="testNG_Tutorial.testNG_3">
    <ignored/>
  </testcase> <!-- bundle -->
  <testcase name="top_up" time="0.0" classname="testNG_Tutorial.testNG_3">
    <ignored/>
  </testcase> <!-- top_up -->
</testsuite> <!-- prepay_topup -->
