<?xml version="1.0" encoding="UTF-8"?>
<!-- Generated by org.testng.reporters.JUnitXMLReporter -->
<testsuite hostname="LAPTOP-FVC0VK09" ignored="1" name="prepay_recurring_topup" tests="7" failures="0" timestamp="2021-05-05T22:26:31 IST" time="0.071" errors="0">
  <testcase name="reucurring_bundle" time="0.006" classname="testNG_Tutorial.testNG_4"/>
  <testcase name="suspend_Sim" time="0.004" classname="testNG_Tutorial.testNG_regex"/>
  <testcase name="unuspend_sim_success" time="0.003" classname="testNG_Tutorial.testNG_regex"/>
  <testcase name="reucurring_topup" time="0.005" classname="testNG_Tutorial.testNG_4"/>
  <testcase name="Order_Replacment_Sim" time="0.002" classname="testNG_Tutorial.testNG_regex"/>
  <testcase name="Reactivate_Sim" time="0.001" classname="testNG_Tutorial.testNG_regex"/>
  <testcase name="unuspend_sim" time="0.003" classname="testNG_Tutorial.testNG_regex"/>
  <testcase name="reucurring_addon" time="0.0" classname="testNG_Tutorial.testNG_4">
    <ignored/>
  </testcase> <!-- reucurring_addon -->
</testsuite> <!-- prepay_recurring_topup -->
