<?xml version="1.0" encoding="UTF-8"?>
<!-- Generated by org.testng.reporters.JUnitXMLReporter -->
<testsuite ignored="0" hostname="LAPTOP-FVC0VK09" failures="0" tests="15" name="total_package" time="0.06" errors="0" timestamp="2021-04-21T13:14:22 IST">
  <testcase classname="testNG_Tutorial.testNG_2" name="address_change" time="0.005"/>
  <testcase classname="testNG_Tutorial.testNG_2" name="name_change" time="0.001"/>
  <testcase classname="testNG_Tutorial.testNG_3" name="auto_topup" time="0.001"/>
  <testcase classname="testNG_Tutorial.testNG_3" name="bundle" time="0.001"/>
  <testcase classname="testNG_Tutorial.testNG_3" name="top_up" time="0.001"/>
  <testcase classname="testNG_Tutorial.testNG_4" name="reucurring_addon" time="0.001"/>
  <testcase classname="testNG_Tutorial.testNG_4" name="reucurring_bundle" time="0.001"/>
  <testcase classname="testNG_Tutorial.testNG_4" name="reucurring_topup" time="0.001"/>
  <testcase classname="testNG_Tutorial.testNG_Basic" name="test1" time="0.001"/>
  <testcase classname="testNG_Tutorial.testNG_Basic" name="test2" time="0.001"/>
  <testcase classname="testNG_Tutorial.testNG_regex" name="Order_Replacment_Sim" time="0.002"/>
  <testcase classname="testNG_Tutorial.testNG_regex" name="personal_details_DOB_change" time="0.001"/>
  <testcase classname="testNG_Tutorial.testNG_regex" name="personal_details_email_change" time="0.001"/>
  <testcase classname="testNG_Tutorial.testNG_regex" name="personal_details_number_change" time="0.0"/>
  <testcase classname="testNG_Tutorial.testNG_regex" name="suspend_Sim" time="0.001"/>
</testsuite> <!-- total_package -->
